<?xml version="1.0" encoding="UTF-8"?>
<!-- Generated by org.testng.reporters.JUnitXMLReporter -->
<testsuite ignored="2" hostname="Dell" failures="0" tests="1" name="Default test" time="9.912" errors="0" timestamp="2025-08-04T19:18:00 IST">
  <testcase classname="Tests.CartTest" name="removeItemAndCheckCartEmpty" time="6.064"/>
  <testcase classname="Tests.CartTest" name="tryProceedingToCheckoutWithoutItem" time="0.0">
    <ignored/>
  </testcase> <!-- tryProceedingToCheckoutWithoutItem -->
  <testcase classname="Tests.CartTest" name="verifyItemAddedToCartAndProceedCheckout" time="0.0">
    <ignored/>
  </testcase> <!-- verifyItemAddedToCartAndProceedCheckout -->
</testsuite> <!-- Default test -->
