<?xml version="1.0" encoding="UTF-8"?>
<!-- Generated by org.testng.reporters.JUnitXMLReporter -->
<testsuite ignored="0" hostname="Dell" failures="0" tests="17" name="All Login Tests" time="67.256" errors="0" timestamp="2025-08-04T19:21:09 IST">
  <testcase classname="Tests.LoginTest" name="emptyPasswordTest" time="0.469"/>
  <testcase classname="Tests.LoginTest" name="emptyUsernameAndPasswordTest" time="0.437"/>
  <testcase classname="Tests.LoginTest" name="emptyUsernameTest" time="0.433"/>
  <testcase classname="Tests.LoginTest" name="invalidPasswordTest" time="0.474"/>
  <testcase classname="Tests.LoginTest" name="invalidUsernameTest" time="0.494"/>
  <testcase classname="Tests.LoginTest" name="lockedOutUserTest" time="0.521"/>
  <testcase classname="Tests.LoginTest" name="loginWithValidCredentials" time="0.479"/>
  <testcase classname="Tests.LoginTest" name="longUsernamePasswordTest" time="0.932"/>
  <testcase classname="Tests.LoginTest" name="sqlInjectionAttemptTest" time="0.505"/>
  <testcase classname="Tests.LoginTest" name="whitespaceInUsernamePasswordTest" time="0.486"/>
  <testcase classname="Tests.InventoryTest" name="addItemThenVerifyButtonText" time="2.65"/>
  <testcase classname="Tests.InventoryTest" name="addItemToCartTest" time="4.786"/>
  <testcase classname="Tests.CartTest" name="removeItemAndCheckCartEmpty" time="6.0"/>
  <testcase classname="Tests.CartTest" name="tryProceedingToCheckoutWithoutItem" time="0.759"/>
  <testcase classname="Tests.CartTest" name="verifyItemAddedToCartAndProceedCheckout" time="1.232"/>
  <testcase classname="Tests.CheckoutTest" name="checkoutWithMissingUserDetails" time="1.253"/>
  <testcase classname="Tests.CheckoutTest" name="completeCheckoutFlowSuccessfully" time="1.534"/>
</testsuite> <!-- All Login Tests -->
